  main.cpp
C:\Program Files (x86)\Windows Kits\10\Include\10.0.22621.0\shared\minwindef.h(130,1): warning C4005: “APIENTRY”: 宏重定义
  (编译源文件“main.cpp”)
  E:\study\pointcloud\PointCloud\glfw\include\GLFW\glfw3.h(123,1):
  参见“APIENTRY”的前一个定义
  
E:\study\pointcloud\PointCloud\main.cpp(224,198): warning C4267: “参数”: 从“size_t”转换到“uint32_t”，可能丢失数据
E:\study\pointcloud\PointCloud\main.cpp(224,188): warning C4267: “参数”: 从“size_t”转换到“uint32_t”，可能丢失数据
E:\study\pointcloud\PointCloud\main.cpp(225,195): warning C4267: “参数”: 从“size_t”转换到“uint32_t”，可能丢失数据
E:\study\pointcloud\PointCloud\main.cpp(225,185): warning C4267: “参数”: 从“size_t”转换到“uint32_t”，可能丢失数据
E:\study\pointcloud\PointCloud\main.cpp(236,211): warning C4267: “参数”: 从“size_t”转换到“uint32_t”，可能丢失数据
E:\study\pointcloud\PointCloud\main.cpp(236,201): warning C4267: “参数”: 从“size_t”转换到“uint32_t”，可能丢失数据
E:\study\pointcloud\PointCloud\main.cpp(237,205): warning C4267: “参数”: 从“size_t”转换到“uint32_t”，可能丢失数据
E:\study\pointcloud\PointCloud\main.cpp(237,195): warning C4267: “参数”: 从“size_t”转换到“uint32_t”，可能丢失数据
E:\study\pointcloud\PointCloud\main.cpp(241,249): warning C4267: “参数”: 从“size_t”转换到“uint32_t”，可能丢失数据
E:\study\pointcloud\PointCloud\main.cpp(241,236): warning C4267: “参数”: 从“size_t”转换到“int32_t”，可能丢失数据
E:\study\pointcloud\PointCloud\main.cpp(242,240): warning C4267: “参数”: 从“size_t”转换到“uint32_t”，可能丢失数据
E:\study\pointcloud\PointCloud\main.cpp(242,227): warning C4267: “参数”: 从“size_t”转换到“int32_t”，可能丢失数据
E:\study\pointcloud\PointCloud\main.cpp(262,46): warning C4267: “=”: 从“size_t”转换到“uint32_t”，可能丢失数据
E:\study\pointcloud\PointCloud\main.cpp(638,138): warning C4267: “参数”: 从“size_t”转换到“uint32_t”，可能丢失数据
E:\study\pointcloud\PointCloud\main.cpp(655,95): warning C4244: “参数”: 从“uint32_t”转换到“float”，可能丢失数据
E:\study\pointcloud\PointCloud\main.cpp(655,66): warning C4244: “参数”: 从“uint32_t”转换到“float”，可能丢失数据
E:\study\pointcloud\PointCloud\main.cpp(751,17): warning C4244: “初始化”: 从“double”转换到“float”，可能丢失数据
E:\study\pointcloud\PointCloud\main.cpp(776,21): warning C4244: “=”: 从“double”转换到“float”，可能丢失数据
E:\study\pointcloud\PointCloud\main.cpp(887,133): warning C4244: “参数”: 从“uint32_t”转换到“float”，可能丢失数据
E:\study\pointcloud\PointCloud\main.cpp(887,79): warning C4244: “参数”: 从“uint32_t”转换到“float”，可能丢失数据
  正在生成代码
  1 of 2698 functions (<0.1%) were compiled, the rest were copied from previous compilation.
    0 functions were new in current compilation
    12 functions had inline decision re-evaluated but remain unchanged
  已完成代码的生成
  PointCloud.vcxproj -> E:\study\pointcloud\PointCloud\x64\Release\PointCloud.exe
