e:\testdelete\pointcloud\pointcloud\x64\debug\vc143.pdb
e:\testdelete\pointcloud\pointcloud\x64\debug\vc143.idb
e:\testdelete\pointcloud\pointcloud\x64\debug\plyfile.obj
e:\testdelete\pointcloud\pointcloud\x64\debug\main.obj
e:\testdelete\pointcloud\pointcloud\x64\debug\imgui_widgets.obj
e:\testdelete\pointcloud\pointcloud\x64\debug\imgui_tables.obj
e:\testdelete\pointcloud\pointcloud\x64\debug\imgui_draw.obj
e:\testdelete\pointcloud\pointcloud\x64\debug\imgui_demo.obj
e:\testdelete\pointcloud\pointcloud\x64\debug\imgui.obj
e:\testdelete\pointcloud\x64\debug\pointcloud.exe
e:\testdelete\pointcloud\x64\debug\pointcloud.pdb
e:\testdelete\pointcloud\pointcloud\x64\debug\pointcloud.ilk
e:\testdelete\pointcloud\pointcloud\x64\debug\pointcloud.tlog\cl.command.1.tlog
e:\testdelete\pointcloud\pointcloud\x64\debug\pointcloud.tlog\cl.items.tlog
e:\testdelete\pointcloud\pointcloud\x64\debug\pointcloud.tlog\cl.read.1.tlog
e:\testdelete\pointcloud\pointcloud\x64\debug\pointcloud.tlog\cl.write.1.tlog
e:\testdelete\pointcloud\pointcloud\x64\debug\pointcloud.tlog\link.command.1.tlog
e:\testdelete\pointcloud\pointcloud\x64\debug\pointcloud.tlog\link.read.1.tlog
e:\testdelete\pointcloud\pointcloud\x64\debug\pointcloud.tlog\link.secondary.1.tlog
e:\testdelete\pointcloud\pointcloud\x64\debug\pointcloud.tlog\link.write.1.tlog
